# JRE version: OpenJDK Runtime Environment (8.0_242-b01) (build 1.8.0_242-release-1644-b01)
# Java VM: OpenJDK 64-Bit Server VM (25.242-b01 mixed mode windows-amd64 compressed oops)
Heap:
 PSYoungGen      total 587776K, used 550463K [0x00000000d5580000, 0x0000000100000000, 0x0000000100000000)
  eden space 482816K, 100% used [0x00000000d5580000,0x00000000f2d00000,0x00000000f2d00000)
  from space 104960K, 64% used [0x00000000f9980000,0x00000000fdb8fe88,0x0000000100000000)
  to   space 108032K, 56% used [0x00000000f2d00000,0x00000000f68ed0f8,0x00000000f9680000)
 ParOldGen       total 394240K, used 151795K [0x0000000080000000, 0x0000000098100000, 0x00000000d5580000)
  object space 394240K, 38% used [0x0000000080000000,0x000000008943ceb0,0x0000000098100000)
 Metaspace       used 100686K, capacity 107298K, committed 107692K, reserved 1142784K
  class space    used 12887K, capacity 14085K, committed 14252K, reserved 1048576K
GC Heap History (10 events):
Event: 522.920 GC heap after
Heap after GC invocations=22 (full 4):
 PSYoungGen      total 612352K, used 27891K [0x00000000d5580000, 0x0000000100000000, 0x0000000100000000)
  eden space 529920K, 0% used [0x00000000d5580000,0x00000000d5580000,0x00000000f5b00000)
  from space 82432K, 33% used [0x00000000fa780000,0x00000000fc2bcd08,0x00000000ff800000)
  to   space 78336K, 0% used [0x00000000f5b00000,0x00000000f5b00000,0x00000000fa780000)
 ParOldGen       total 394240K, used 139055K [0x0000000080000000, 0x0000000098100000, 0x00000000d5580000)
  object space 394240K, 35% used [0x0000000080000000,0x00000000887cbce8,0x0000000098100000)
 Metaspace       used 98320K, capacity 104406K, committed 105004K, reserved 1140736K
  class space    used 12684K, capacity 13801K, committed 14124K, reserved 1048576K
}
Event: 525.010 GC heap before
{Heap before GC invocations=23 (full 4):
 PSYoungGen      total 612352K, used 557811K [0x00000000d5580000, 0x0000000100000000, 0x0000000100000000)
  eden space 529920K, 100% used [0x00000000d5580000,0x00000000f5b00000,0x00000000f5b00000)
  from space 82432K, 33% used [0x00000000fa780000,0x00000000fc2bcd08,0x00000000ff800000)
  to   space 78336K, 0% used [0x00000000f5b00000,0x00000000f5b00000,0x00000000fa780000)
 ParOldGen       total 394240K, used 139055K [0x0000000080000000, 0x0000000098100000, 0x00000000d5580000)
  object space 394240K, 35% used [0x0000000080000000,0x00000000887cbce8,0x0000000098100000)
 Metaspace       used 99073K, capacity 105196K, committed 105772K, reserved 1140736K
  class space    used 12744K, capacity 13874K, committed 14124K, reserved 1048576K
Event: 525.035 GC heap after
Heap after GC invocations=23 (full 4):
 PSYoungGen      total 608256K, used 78306K [0x00000000d5580000, 0x0000000100000000, 0x0000000100000000)
  eden space 529920K, 0% used [0x00000000d5580000,0x00000000d5580000,0x00000000f5b00000)
  from space 78336K, 99% used [0x00000000f5b00000,0x00000000fa778978,0x00000000fa780000)
  to   space 90624K, 0% used [0x00000000fa780000,0x00000000fa780000,0x0000000100000000)
 ParOldGen       total 394240K, used 141300K [0x0000000080000000, 0x0000000098100000, 0x00000000d5580000)
  object space 394240K, 35% used [0x0000000080000000,0x00000000889fd000,0x0000000098100000)
 Metaspace       used 99073K, capacity 105196K, committed 105772K, reserved 1140736K
  class space    used 12744K, capacity 13874K, committed 14124K, reserved 1048576K
}
Event: 666.671 GC heap before
{Heap before GC invocations=24 (full 4):
 PSYoungGen      total 608256K, used 608226K [0x00000000d5580000, 0x0000000100000000, 0x0000000100000000)
  eden space 529920K, 100% used [0x00000000d5580000,0x00000000f5b00000,0x00000000f5b00000)
  from space 78336K, 99% used [0x00000000f5b00000,0x00000000fa778978,0x00000000fa780000)
  to   space 90624K, 0% used [0x00000000fa780000,0x00000000fa780000,0x0000000100000000)
 ParOldGen       total 394240K, used 141300K [0x0000000080000000, 0x0000000098100000, 0x00000000d5580000)
  object space 394240K, 35% used [0x0000000080000000,0x00000000889fd000,0x0000000098100000)
 Metaspace       used 99466K, capacity 105750K, committed 106284K, reserved 1140736K
  class space    used 12771K, capacity 13919K, committed 14124K, reserved 1048576K
Event: 666.697 GC heap after
Heap after GC invocations=24 (full 4):
 PSYoungGen      total 598016K, used 62369K [0x00000000d5580000, 0x0000000100000000, 0x0000000100000000)
  eden space 507392K, 0% used [0x00000000d5580000,0x00000000d5580000,0x00000000f4500000)
  from space 90624K, 68% used [0x00000000fa780000,0x00000000fe468698,0x0000000100000000)
  to   space 95744K, 0% used [0x00000000f4500000,0x00000000f4500000,0x00000000fa280000)
 ParOldGen       total 394240K, used 151779K [0x0000000080000000, 0x0000000098100000, 0x00000000d5580000)
  object space 394240K, 38% used [0x0000000080000000,0x0000000089438eb0,0x0000000098100000)
 Metaspace       used 99466K, capacity 105750K, committed 106284K, reserved 1140736K
  class space    used 12771K, capacity 13919K, committed 14124K, reserved 1048576K
}
Event: 667.403 GC heap before
{Heap before GC invocations=25 (full 4):
 PSYoungGen      total 598016K, used 569761K [0x00000000d5580000, 0x0000000100000000, 0x0000000100000000)
  eden space 507392K, 100% used [0x00000000d5580000,0x00000000f4500000,0x00000000f4500000)
  from space 90624K, 68% used [0x00000000fa780000,0x00000000fe468698,0x0000000100000000)
  to   space 95744K, 0% used [0x00000000f4500000,0x00000000f4500000,0x00000000fa280000)
 ParOldGen       total 394240K, used 151779K [0x0000000080000000, 0x0000000098100000, 0x00000000d5580000)
  object space 394240K, 38% used [0x0000000080000000,0x0000000089438eb0,0x0000000098100000)
 Metaspace       used 100144K, capacity 106508K, committed 106924K, reserved 1142784K
  class space    used 12842K, capacity 14008K, committed 14252K, reserved 1048576K
Event: 667.427 GC heap after
Heap after GC invocations=25 (full 4):
 PSYoungGen      total 586240K, used 78601K [0x00000000d5580000, 0x0000000100000000, 0x0000000100000000)
  eden space 507392K, 0% used [0x00000000d5580000,0x00000000d5580000,0x00000000f4500000)
  from space 78848K, 99% used [0x00000000f4500000,0x00000000f91c24b8,0x00000000f9200000)
  to   space 104960K, 0% used [0x00000000f9980000,0x00000000f9980000,0x0000000100000000)
 ParOldGen       total 394240K, used 151779K [0x0000000080000000, 0x0000000098100000, 0x00000000d5580000)
  object space 394240K, 38% used [0x0000000080000000,0x0000000089438eb0,0x0000000098100000)
 Metaspace       used 100144K, capacity 106508K, committed 106924K, reserved 1142784K
  class space    used 12842K, capacity 14008K, committed 14252K, reserved 1048576K
}
Event: 707.095 GC heap before
{Heap before GC invocations=26 (full 4):
 PSYoungGen      total 586240K, used 585993K [0x00000000d5580000, 0x0000000100000000, 0x0000000100000000)
  eden space 507392K, 100% used [0x00000000d5580000,0x00000000f4500000,0x00000000f4500000)
  from space 78848K, 99% used [0x00000000f4500000,0x00000000f91c24b8,0x00000000f9200000)
  to   space 104960K, 0% used [0x00000000f9980000,0x00000000f9980000,0x0000000100000000)
 ParOldGen       total 394240K, used 151779K [0x0000000080000000, 0x0000000098100000, 0x00000000d5580000)
  object space 394240K, 38% used [0x0000000080000000,0x0000000089438eb0,0x0000000098100000)
 Metaspace       used 100349K, capacity 106724K, committed 107180K, reserved 1142784K
  class space    used 12853K, capacity 14022K, committed 14252K, reserved 1048576K
Event: 707.118 GC heap after
Heap after GC invocations=26 (full 4):
 PSYoungGen      total 587776K, used 67647K [0x00000000d5580000, 0x0000000100000000, 0x0000000100000000)
  eden space 482816K, 0% used [0x00000000d5580000,0x00000000d5580000,0x00000000f2d00000)
  from space 104960K, 64% used [0x00000000f9980000,0x00000000fdb8fe88,0x0000000100000000)
  to   space 108032K, 0% used [0x00000000f2d00000,0x00000000f2d00000,0x00000000f9680000)
 ParOldGen       total 394240K, used 151787K [0x0000000080000000, 0x0000000098100000, 0x00000000d5580000)
  object space 394240K, 38% used [0x0000000080000000,0x000000008943aeb0,0x0000000098100000)
 Metaspace       used 100349K, capacity 106724K, committed 107180K, reserved 1142784K
  class space    used 12853K, capacity 14022K, committed 14252K, reserved 1048576K
}
Event: 997.150 GC heap before
{Heap before GC invocations=27 (full 4):
 PSYoungGen      total 587776K, used 550463K [0x00000000d5580000, 0x0000000100000000, 0x0000000100000000)
  eden space 482816K, 100% used [0x00000000d5580000,0x00000000f2d00000,0x00000000f2d00000)
  from space 104960K, 64% used [0x00000000f9980000,0x00000000fdb8fe88,0x0000000100000000)
  to   space 108032K, 0% used [0x00000000f2d00000,0x00000000f2d00000,0x00000000f9680000)
 ParOldGen       total 394240K, used 151787K [0x0000000080000000, 0x0000000098100000, 0x00000000d5580000)
  object space 394240K, 38% used [0x0000000080000000,0x000000008943aeb0,0x0000000098100000)
 Metaspace       used 100686K, capacity 107298K, committed 107692K, reserved 1142784K
  class space    used 12887K, capacity 14085K, committed 14252K, reserved 1048576K

